2018-11-30T11:13:28+00:00 CRITICAL syntax error, unexpected end of file in C:\OSPanel\domains\cream-store.loc\wp-content\themes\storefront\functions.php on line 126

2018-11-30T11:13:59+00:00 CRITICAL syntax error, unexpected end of file in C:\OSPanel\domains\cream-store.loc\wp-content\themes\storefront\functions.php on line 126

2018-11-30T11:14:00+00:00 CRITICAL syntax error, unexpected end of file in C:\OSPanel\domains\cream-store.loc\wp-content\themes\storefront\functions.php on line 126

2018-11-30T11:14:14+00:00 CRITICAL syntax error, unexpected end of file in C:\OSPanel\domains\cream-store.loc\wp-content\themes\storefront\functions.php on line 126

2018-11-30T11:14:15+00:00 CRITICAL syntax error, unexpected end of file in C:\OSPanel\domains\cream-store.loc\wp-content\themes\storefront\functions.php on line 126

2018-11-30T11:14:19+00:00 CRITICAL syntax error, unexpected end of file in C:\OSPanel\domains\cream-store.loc\wp-content\themes\storefront\functions.php on line 126

2018-11-30T11:14:28+00:00 CRITICAL syntax error, unexpected end of file in C:\OSPanel\domains\cream-store.loc\wp-content\themes\storefront\functions.php on line 126

2018-11-30T11:14:53+00:00 CRITICAL syntax error, unexpected end of file in C:\OSPanel\domains\cream-store.loc\wp-content\themes\storefront\functions.php on line 127

2018-11-30T11:14:54+00:00 CRITICAL syntax error, unexpected end of file in C:\OSPanel\domains\cream-store.loc\wp-content\themes\storefront\functions.php on line 127

2018-11-30T11:18:49+00:00 CRITICAL syntax error, unexpected '}', expecting end of file in C:\OSPanel\domains\cream-store.loc\wp-content\themes\storefront\functions.php on line 156

2018-11-30T11:18:51+00:00 CRITICAL syntax error, unexpected '}', expecting end of file in C:\OSPanel\domains\cream-store.loc\wp-content\themes\storefront\functions.php on line 156

2018-11-30T11:55:04+00:00 CRITICAL syntax error, unexpected '.' in C:\OSPanel\domains\cream-store.loc\wp-content\plugins\woocommerce\includes\wc-template-functions.php on line 2796

2018-11-30T13:01:11+00:00 CRITICAL syntax error, unexpected 'print_r' (T_STRING), expecting ',' or ';' in C:\OSPanel\domains\cream-store.loc\wp-content\themes\storefront\woocommerce\cart\cart.php on line 59

2018-11-30T13:03:29+00:00 CRITICAL Uncaught Error: Call to a member function get_data() on array in C:\OSPanel\domains\cream-store.loc\wp-content\themes\storefront\woocommerce\cart\cart.php:59
Stack trace:
#0 C:\OSPanel\domains\cream-store.loc\wp-content\plugins\woocommerce\includes\wc-core-functions.php(208): include()
#1 C:\OSPanel\domains\cream-store.loc\wp-content\plugins\woocommerce\includes\shortcodes\class-wc-shortcode-cart.php(93): wc_get_template('cart/cart.php')
#2 C:\OSPanel\domains\cream-store.loc\wp-content\plugins\woocommerce\includes\class-wc-shortcodes.php(72): WC_Shortcode_Cart::output(Array)
#3 C:\OSPanel\domains\cream-store.loc\wp-content\plugins\woocommerce\includes\class-wc-shortcodes.php(85): WC_Shortcodes::shortcode_wrapper(Array)
#4 C:\OSPanel\domains\cream-store.loc\wp-includes\shortcodes.php(319): WC_Shortcodes::cart('', '', 'woocommerce_car...')
#5 [internal function]: do_shortcode_tag(Array)
#6 C:\OSPanel\domains\cream-store.loc\wp-includes\shortcodes.php(197): preg_replace_callback('/\\[(\\[?)(woocom...', 'do_short in C:\OSPanel\domains\cream-store.loc\wp-content\themes\storefront\woocommerce\cart\cart.php on line 59

2018-11-30T13:04:20+00:00 CRITICAL syntax error, unexpected ';', expecting ',' or ')' in C:\OSPanel\domains\cream-store.loc\wp-content\themes\storefront\woocommerce\cart\cart.php on line 59

2018-11-30T13:04:33+00:00 CRITICAL syntax error, unexpected ';', expecting ',' or ')' in C:\OSPanel\domains\cream-store.loc\wp-content\themes\storefront\woocommerce\cart\cart.php on line 59

