2018-12-01T13:56:54+00:00 CRITICAL Uncaught Error: Call to undefined function is_blog() in C:\OSPanel\domains\cream-store.loc\wp-content\themes\storefront\header.php:18
Stack trace:
#0 C:\OSPanel\domains\cream-store.loc\wp-includes\template.php(688): require_once()
#1 C:\OSPanel\domains\cream-store.loc\wp-includes\template.php(647): load_template('C:\\OSPanel\\doma...', true)
#2 C:\OSPanel\domains\cream-store.loc\wp-includes\general-template.php(41): locate_template(Array, true)
#3 C:\OSPanel\domains\cream-store.loc\wp-content\themes\storefront\index.php(14): get_header()
#4 C:\OSPanel\domains\cream-store.loc\wp-includes\template-loader.php(74): include('C:\\OSPanel\\doma...')
#5 C:\OSPanel\domains\cream-store.loc\wp-blog-header.php(19): require_once('C:\\OSPanel\\doma...')
#6 C:\OSPanel\domains\cream-store.loc\index.php(17): require('C:\\OSPanel\\doma...')
#7 {main}
  thrown in C:\OSPanel\domains\cream-store.loc\wp-content\themes\storefront\header.php on line 18

2018-12-01T13:56:56+00:00 CRITICAL Uncaught Error: Call to undefined function is_blog() in C:\OSPanel\domains\cream-store.loc\wp-content\themes\storefront\header.php:18
Stack trace:
#0 C:\OSPanel\domains\cream-store.loc\wp-includes\template.php(688): require_once()
#1 C:\OSPanel\domains\cream-store.loc\wp-includes\template.php(647): load_template('C:\\OSPanel\\doma...', true)
#2 C:\OSPanel\domains\cream-store.loc\wp-includes\general-template.php(41): locate_template(Array, true)
#3 C:\OSPanel\domains\cream-store.loc\wp-content\themes\storefront\index.php(14): get_header()
#4 C:\OSPanel\domains\cream-store.loc\wp-includes\template-loader.php(74): include('C:\\OSPanel\\doma...')
#5 C:\OSPanel\domains\cream-store.loc\wp-blog-header.php(19): require_once('C:\\OSPanel\\doma...')
#6 C:\OSPanel\domains\cream-store.loc\index.php(17): require('C:\\OSPanel\\doma...')
#7 {main}
  thrown in C:\OSPanel\domains\cream-store.loc\wp-content\themes\storefront\header.php on line 18

2018-12-01T14:02:11+00:00 CRITICAL Uncaught Error: Call to undefined function is_blog() in C:\OSPanel\domains\cream-store.loc\wp-content\themes\storefront\header.php:18
Stack trace:
#0 C:\OSPanel\domains\cream-store.loc\wp-includes\template.php(688): require_once()
#1 C:\OSPanel\domains\cream-store.loc\wp-includes\template.php(647): load_template('C:\\OSPanel\\doma...', true)
#2 C:\OSPanel\domains\cream-store.loc\wp-includes\general-template.php(41): locate_template(Array, true)
#3 C:\OSPanel\domains\cream-store.loc\wp-content\themes\storefront\index.php(14): get_header()
#4 C:\OSPanel\domains\cream-store.loc\wp-includes\template-loader.php(74): include('C:\\OSPanel\\doma...')
#5 C:\OSPanel\domains\cream-store.loc\wp-blog-header.php(19): require_once('C:\\OSPanel\\doma...')
#6 C:\OSPanel\domains\cream-store.loc\index.php(17): require('C:\\OSPanel\\doma...')
#7 {main}
  thrown in C:\OSPanel\domains\cream-store.loc\wp-content\themes\storefront\header.php on line 18

2018-12-01T14:02:52+00:00 CRITICAL syntax error, unexpected 'echo' (T_ECHO) in C:\OSPanel\domains\cream-store.loc\wp-content\themes\storefront\header.php on line 18

2018-12-01T14:02:53+00:00 CRITICAL syntax error, unexpected 'echo' (T_ECHO) in C:\OSPanel\domains\cream-store.loc\wp-content\themes\storefront\header.php on line 18

2018-12-01T14:03:18+00:00 CRITICAL Uncaught Error: Call to undefined function is_blog() in C:\OSPanel\domains\cream-store.loc\wp-content\themes\storefront\header.php:18
Stack trace:
#0 C:\OSPanel\domains\cream-store.loc\wp-includes\template.php(688): require_once()
#1 C:\OSPanel\domains\cream-store.loc\wp-includes\template.php(647): load_template('C:\\OSPanel\\doma...', true)
#2 C:\OSPanel\domains\cream-store.loc\wp-includes\general-template.php(41): locate_template(Array, true)
#3 C:\OSPanel\domains\cream-store.loc\wp-content\themes\storefront\index.php(14): get_header()
#4 C:\OSPanel\domains\cream-store.loc\wp-includes\template-loader.php(74): include('C:\\OSPanel\\doma...')
#5 C:\OSPanel\domains\cream-store.loc\wp-blog-header.php(19): require_once('C:\\OSPanel\\doma...')
#6 C:\OSPanel\domains\cream-store.loc\index.php(17): require('C:\\OSPanel\\doma...')
#7 {main}
  thrown in C:\OSPanel\domains\cream-store.loc\wp-content\themes\storefront\header.php on line 18

2018-12-01T14:18:58+00:00 CRITICAL syntax error, unexpected '$cat' (T_VARIABLE) in C:\OSPanel\domains\cream-store.loc\wp-content\themes\storefront\index.php on line 35

2018-12-01T14:21:56+00:00 CRITICAL Uncaught Error: Call to undefined function the_tilte() in C:\OSPanel\domains\cream-store.loc\wp-content\themes\storefront\index.php:51
Stack trace:
#0 C:\OSPanel\domains\cream-store.loc\wp-includes\template-loader.php(74): include()
#1 C:\OSPanel\domains\cream-store.loc\wp-blog-header.php(19): require_once('C:\\OSPanel\\doma...')
#2 C:\OSPanel\domains\cream-store.loc\index.php(17): require('C:\\OSPanel\\doma...')
#3 {main}
  thrown in C:\OSPanel\domains\cream-store.loc\wp-content\themes\storefront\index.php on line 51

2018-12-01T14:47:11+00:00 CRITICAL syntax error, unexpected 'endif' (T_ENDIF), expecting end of file in C:\OSPanel\domains\cream-store.loc\wp-content\themes\storefront\footer.php on line 22

2018-12-01T15:09:37+00:00 CRITICAL syntax error, unexpected 'echo' (T_ECHO) in C:\OSPanel\domains\cream-store.loc\wp-content\themes\storefront\functions.php on line 199

2018-12-01T15:09:37+00:00 CRITICAL syntax error, unexpected 'echo' (T_ECHO) in C:\OSPanel\domains\cream-store.loc\wp-content\themes\storefront\functions.php on line 199

2018-12-01T15:09:40+00:00 CRITICAL syntax error, unexpected 'echo' (T_ECHO) in C:\OSPanel\domains\cream-store.loc\wp-content\themes\storefront\functions.php on line 199

2018-12-01T15:10:14+00:00 CRITICAL syntax error, unexpected 'echo' (T_ECHO) in C:\OSPanel\domains\cream-store.loc\wp-content\themes\storefront\functions.php on line 200

2018-12-01T15:10:20+00:00 CRITICAL syntax error, unexpected 'echo' (T_ECHO) in C:\OSPanel\domains\cream-store.loc\wp-content\themes\storefront\functions.php on line 200

2018-12-01T15:10:20+00:00 CRITICAL syntax error, unexpected 'echo' (T_ECHO) in C:\OSPanel\domains\cream-store.loc\wp-content\themes\storefront\functions.php on line 200

2018-12-01T15:10:20+00:00 CRITICAL syntax error, unexpected 'echo' (T_ECHO) in C:\OSPanel\domains\cream-store.loc\wp-content\themes\storefront\functions.php on line 200

2018-12-01T15:10:32+00:00 CRITICAL syntax error, unexpected 'echo' (T_ECHO) in C:\OSPanel\domains\cream-store.loc\wp-content\themes\storefront\functions.php on line 200

2018-12-01T15:10:32+00:00 CRITICAL syntax error, unexpected 'echo' (T_ECHO) in C:\OSPanel\domains\cream-store.loc\wp-content\themes\storefront\functions.php on line 200

