2018-12-04T10:58:03+00:00 CRITICAL Uncaught Error: Call to undefined function woocommerce_wp_input() in C:\OSPanel\domains\cream-store.loc\wp-content\themes\storefront\functions.php:133
Stack trace:
#0 C:\OSPanel\domains\cream-store.loc\wp-includes\class-wp-hook.php(286): cfwc_create_initials('')
#1 C:\OSPanel\domains\cream-store.loc\wp-includes\class-wp-hook.php(310): WP_Hook->apply_filters(NULL, Array)
#2 C:\OSPanel\domains\cream-store.loc\wp-includes\plugin.php(453): WP_Hook->do_action(Array)
#3 C:\OSPanel\domains\cream-store.loc\wp-content\plugins\woocommerce\includes\admin\meta-boxes\views\html-product-data-general.php(178): do_action('woocommerce_pro...')
#4 C:\OSPanel\domains\cream-store.loc\wp-content\plugins\woocommerce\includes\admin\meta-boxes\class-wc-meta-box-product-data.php(44): include('C:\\OSPanel\\doma...')
#5 C:\OSPanel\domains\cream-store.loc\wp-content\plugins\woocommerce\includes\admin\meta-boxes\views\html-product-data-panel.php(56): WC_Meta_Box_Product_Data::output_tabs()
#6 C:\OSPanel\domains\cream-store.loc\wp-content in C:\OSPanel\domains\cream-store.loc\wp-content\themes\storefront\functions.php on line 133

2018-12-04T10:58:11+00:00 CRITICAL Uncaught Error: Call to undefined function woocommerce_wp_input() in C:\OSPanel\domains\cream-store.loc\wp-content\themes\storefront\functions.php:133
Stack trace:
#0 C:\OSPanel\domains\cream-store.loc\wp-includes\class-wp-hook.php(286): cfwc_create_initials('')
#1 C:\OSPanel\domains\cream-store.loc\wp-includes\class-wp-hook.php(310): WP_Hook->apply_filters(NULL, Array)
#2 C:\OSPanel\domains\cream-store.loc\wp-includes\plugin.php(453): WP_Hook->do_action(Array)
#3 C:\OSPanel\domains\cream-store.loc\wp-content\plugins\woocommerce\includes\admin\meta-boxes\views\html-product-data-general.php(178): do_action('woocommerce_pro...')
#4 C:\OSPanel\domains\cream-store.loc\wp-content\plugins\woocommerce\includes\admin\meta-boxes\class-wc-meta-box-product-data.php(44): include('C:\\OSPanel\\doma...')
#5 C:\OSPanel\domains\cream-store.loc\wp-content\plugins\woocommerce\includes\admin\meta-boxes\views\html-product-data-panel.php(56): WC_Meta_Box_Product_Data::output_tabs()
#6 C:\OSPanel\domains\cream-store.loc\wp-content in C:\OSPanel\domains\cream-store.loc\wp-content\themes\storefront\functions.php on line 133

2018-12-04T10:58:31+00:00 CRITICAL Uncaught Error: Call to undefined function woocommerce_input() in C:\OSPanel\domains\cream-store.loc\wp-content\themes\storefront\functions.php:133
Stack trace:
#0 C:\OSPanel\domains\cream-store.loc\wp-includes\class-wp-hook.php(286): cfwc_create_initials('')
#1 C:\OSPanel\domains\cream-store.loc\wp-includes\class-wp-hook.php(310): WP_Hook->apply_filters(NULL, Array)
#2 C:\OSPanel\domains\cream-store.loc\wp-includes\plugin.php(453): WP_Hook->do_action(Array)
#3 C:\OSPanel\domains\cream-store.loc\wp-content\plugins\woocommerce\includes\admin\meta-boxes\views\html-product-data-general.php(178): do_action('woocommerce_pro...')
#4 C:\OSPanel\domains\cream-store.loc\wp-content\plugins\woocommerce\includes\admin\meta-boxes\class-wc-meta-box-product-data.php(44): include('C:\\OSPanel\\doma...')
#5 C:\OSPanel\domains\cream-store.loc\wp-content\plugins\woocommerce\includes\admin\meta-boxes\views\html-product-data-panel.php(56): WC_Meta_Box_Product_Data::output_tabs()
#6 C:\OSPanel\domains\cream-store.loc\wp-content\pl in C:\OSPanel\domains\cream-store.loc\wp-content\themes\storefront\functions.php on line 133

2018-12-04T11:55:45+00:00 CRITICAL syntax error, unexpected '}' in C:\OSPanel\domains\cream-store.loc\wp-content\themes\storefront\header.php on line 14

2018-12-04T11:55:46+00:00 CRITICAL syntax error, unexpected '}' in C:\OSPanel\domains\cream-store.loc\wp-content\themes\storefront\header.php on line 14

2018-12-04T11:58:44+00:00 CRITICAL syntax error, unexpected '}', expecting ',' or ';' in C:\OSPanel\domains\cream-store.loc\wp-content\themes\storefront\header.php on line 20

2018-12-04T11:59:07+00:00 CRITICAL syntax error, unexpected 'get_search_query' (T_STRING), expecting ',' or ';' in C:\OSPanel\domains\cream-store.loc\wp-content\themes\storefront\header.php on line 19

