2019-01-22T10:30:58+00:00 DEBUG product_submit.debug :: #291 :: Array
(
    [id] => 291
    [title] => Product 17
    [handle] => product-17
    [url] => http://cream-store.loc/product/product-17/
    [description] => Leather craftsmanship expertise is showcased in our bespoke iPhone cases. Crafted with our signature pebble grain leather, the slim and sleek cases perfectly wrap around your device without adding any bulk to your phone. The interior boasts a plush microfiber suede lining to ensure optimum protection of your device. Our iPhone X cases come in a range of eight different colors with each hue being reminiscent of various elements in nature.
<h2>DETAILED FEATURES</h2>
<ul>
 	<li>- Personalized monogramming with your choice of 4 initials in gold or silver lettering</li>
 	<li>- Premium grade cow grain leather exterior</li>
 	<li>- Plush microfibre suede internal lining</li>
 	<li>- Hand painted finished edges</li>
</ul>
<h2>Shipping</h2>
Standard shipping (7-15 business days),
or express shipping (2-5 business days).
<h2>Shipping</h2>
All items will be delivered with our signature packaging.
    [image_url] => http://cream-store.loc/wp-content/uploads/2018/11/black-154x300.png
    [variants] => Array
        (
            [0] => Array
                (
                    [id] => 291
                    [title] => Product 17
                    [url] => http://cream-store.loc/product/product-17/
                    [price] => 222
                    [inventory_quantity] => 1000000
                    [image_url] => http://cream-store.loc/wp-content/uploads/2018/11/black-154x300.png
                    [backorders] => false
                    [visibility] => visible
                )

            [1] => Array
                (
                    [id] => 304
                    [title] => Product 17 :: Model = x
                    [url] => http://cream-store.loc/product/product-17/?attribute_pa_model=x
                    [price] => 222
                    [inventory_quantity] => 1000000
                    [image_url] => http://cream-store.loc/wp-content/uploads/2018/11/black-154x300.png
                    [backorders] => false
                    [visibility] => visible
                )

            [2] => Array
                (
                    [id] => 305
                    [title] => Product 17 :: Model = xr
                    [url] => http://cream-store.loc/product/product-17/?attribute_pa_model=xr
                    [price] => 222
                    [inventory_quantity] => 1000000
                    [image_url] => http://cream-store.loc/wp-content/uploads/2018/11/black-154x300.png
                    [backorders] => false
                    [visibility] => visible
                )

            [3] => Array
                (
                    [id] => 306
                    [title] => Product 17 :: Model = xs
                    [url] => http://cream-store.loc/product/product-17/?attribute_pa_model=xs
                    [inventory_quantity] => 0
                    [image_url] => http://cream-store.loc/wp-content/uploads/2018/11/black-154x300.png
                    [backorders] => false
                )

        )

    [published_at_foreign] => 2018-12-05 21:27:59
)

2019-01-22T10:30:59+00:00 NOTICE product_submit.success :: addStoreProduct :: #291
