2018-12-22T14:36:00+00:00 DEBUG api.addCart :: Adding Cart :: fasaff@mail.ru :: Array
(
    [id] => 4be3ace0cd0b54e9e1898641c67740ab
    [customer] => Array
        (
            [id] => 4be3ace0cd0b54e9e1898641c67740ab
            [email_address] => fasaff@mail.ru
            [opt_in_status] => 
            [orders_count] => 0
            [total_spent] => 0
        )

    [checkout_url] => http://cream-store.loc/checkout/?mc_cart_id=4be3ace0cd0b54e9e1898641c67740ab
    [currency_code] => USD
    [order_total] => 100
    [lines] => Array
        (
            [0] => Array
                (
                    [id] => 025240caca3c1b691f53d1268444ccd2
                    [product_id] => 287
                    [product_variant_id] => 290
                    [quantity] => 1
                    [price] => 50
                )

            [1] => Array
                (
                    [id] => 367ede356e71d3248664e22e72d51eb4
                    [product_id] => 287
                    [product_variant_id] => 289
                    [quantity] => 1
                    [price] => 50
                )

        )

)

2018-12-22T14:36:01+00:00 NOTICE abandoned_cart.success :: email: fasaff@mail.ru :: checkout_url: http://cream-store.loc/checkout/?mc_cart_id=4be3ace0cd0b54e9e1898641c67740ab
2018-12-22T14:36:01+00:00 DEBUG api.addCart :: Adding Cart :: fasaff@mail.ru :: Array
(
    [id] => 4be3ace0cd0b54e9e1898641c67740ab
    [customer] => Array
        (
            [id] => 4be3ace0cd0b54e9e1898641c67740ab
            [email_address] => fasaff@mail.ru
            [opt_in_status] => 
            [orders_count] => 0
            [total_spent] => 0
        )

    [checkout_url] => http://cream-store.loc/checkout/?mc_cart_id=4be3ace0cd0b54e9e1898641c67740ab
    [currency_code] => USD
    [order_total] => 50
    [lines] => Array
        (
            [0] => Array
                (
                    [id] => 367ede356e71d3248664e22e72d51eb4
                    [product_id] => 287
                    [product_variant_id] => 289
                    [quantity] => 1
                    [price] => 50
                )

        )

)

2018-12-22T14:36:02+00:00 NOTICE abandoned_cart.success :: email: fasaff@mail.ru :: checkout_url: http://cream-store.loc/checkout/?mc_cart_id=4be3ace0cd0b54e9e1898641c67740ab
2018-12-22T14:50:49+00:00 DEBUG api.addCart :: Adding Cart :: fasaff@mail.ru :: Array
(
    [id] => 4be3ace0cd0b54e9e1898641c67740ab
    [customer] => Array
        (
            [id] => 4be3ace0cd0b54e9e1898641c67740ab
            [email_address] => fasaff@mail.ru
            [opt_in_status] => 
            [orders_count] => 0
            [total_spent] => 0
        )

    [checkout_url] => http://cream-store.loc/checkout/?mc_cart_id=4be3ace0cd0b54e9e1898641c67740ab
    [currency_code] => USD
    [order_total] => 50
    [lines] => Array
        (
            [0] => Array
                (
                    [id] => bf92693a639ba590dbb1e13572f3e253
                    [product_id] => 287
                    [product_variant_id] => 288
                    [quantity] => 1
                    [price] => 50
                )

        )

)

2018-12-22T14:50:50+00:00 NOTICE abandoned_cart.success :: email: fasaff@mail.ru :: checkout_url: http://cream-store.loc/checkout/?mc_cart_id=4be3ace0cd0b54e9e1898641c67740ab
2018-12-22T14:52:28+00:00 DEBUG api.addCart :: Adding Cart :: fasaff@mail.ru :: Array
(
    [id] => 4be3ace0cd0b54e9e1898641c67740ab
    [customer] => Array
        (
            [id] => 4be3ace0cd0b54e9e1898641c67740ab
            [email_address] => fasaff@mail.ru
            [opt_in_status] => 
            [orders_count] => 0
            [total_spent] => 0
        )

    [checkout_url] => http://cream-store.loc/checkout/?mc_cart_id=4be3ace0cd0b54e9e1898641c67740ab
    [currency_code] => USD
    [order_total] => 75
    [lines] => Array
        (
            [0] => Array
                (
                    [id] => bf92693a639ba590dbb1e13572f3e253
                    [product_id] => 287
                    [product_variant_id] => 288
                    [quantity] => 1
                    [price] => 50
                )

            [1] => Array
                (
                    [id] => dc12dea87317a370002adf72a165c379
                    [product_id] => 283
                    [product_variant_id] => 284
                    [quantity] => 1
                    [price] => 25
                )

        )

)

2018-12-22T14:52:29+00:00 NOTICE abandoned_cart.success :: email: fasaff@mail.ru :: checkout_url: http://cream-store.loc/checkout/?mc_cart_id=4be3ace0cd0b54e9e1898641c67740ab
2018-12-22T14:59:13+00:00 DEBUG api.addCart :: Adding Cart :: fasaff@mail.ru :: Array
(
    [id] => 4be3ace0cd0b54e9e1898641c67740ab
    [customer] => Array
        (
            [id] => 4be3ace0cd0b54e9e1898641c67740ab
            [email_address] => fasaff@mail.ru
            [opt_in_status] => 
            [orders_count] => 0
            [total_spent] => 0
        )

    [checkout_url] => http://cream-store.loc/checkout/?mc_cart_id=4be3ace0cd0b54e9e1898641c67740ab
    [currency_code] => USD
    [order_total] => 100
    [lines] => Array
        (
            [0] => Array
                (
                    [id] => bf92693a639ba590dbb1e13572f3e253
                    [product_id] => 287
                    [product_variant_id] => 288
                    [quantity] => 1
                    [price] => 50
                )

            [1] => Array
                (
                    [id] => dc12dea87317a370002adf72a165c379
                    [product_id] => 283
                    [product_variant_id] => 284
                    [quantity] => 2
                    [price] => 25
                )

        )

)

2018-12-22T14:59:13+00:00 NOTICE abandoned_cart.success :: email: fasaff@mail.ru :: checkout_url: http://cream-store.loc/checkout/?mc_cart_id=4be3ace0cd0b54e9e1898641c67740ab
2018-12-22T15:01:13+00:00 DEBUG api.addCart :: Adding Cart :: fasaff@mail.ru :: Array
(
    [id] => 4be3ace0cd0b54e9e1898641c67740ab
    [customer] => Array
        (
            [id] => 4be3ace0cd0b54e9e1898641c67740ab
            [email_address] => fasaff@mail.ru
            [opt_in_status] => 
            [orders_count] => 0
            [total_spent] => 0
        )

    [checkout_url] => http://cream-store.loc/checkout/?mc_cart_id=4be3ace0cd0b54e9e1898641c67740ab
    [currency_code] => USD
    [order_total] => 50
    [lines] => Array
        (
            [0] => Array
                (
                    [id] => dc12dea87317a370002adf72a165c379
                    [product_id] => 283
                    [product_variant_id] => 284
                    [quantity] => 2
                    [price] => 25
                )

        )

)

2018-12-22T15:01:14+00:00 NOTICE abandoned_cart.success :: email: fasaff@mail.ru :: checkout_url: http://cream-store.loc/checkout/?mc_cart_id=4be3ace0cd0b54e9e1898641c67740ab
2018-12-22T15:03:15+00:00 DEBUG api.addCart :: Adding Cart :: fasaff@mail.ru :: Array
(
    [id] => 4be3ace0cd0b54e9e1898641c67740ab
    [customer] => Array
        (
            [id] => 4be3ace0cd0b54e9e1898641c67740ab
            [email_address] => fasaff@mail.ru
            [opt_in_status] => 
            [orders_count] => 0
            [total_spent] => 0
        )

    [checkout_url] => http://cream-store.loc/checkout/?mc_cart_id=4be3ace0cd0b54e9e1898641c67740ab
    [currency_code] => USD
    [order_total] => 75
    [lines] => Array
        (
            [0] => Array
                (
                    [id] => dc12dea87317a370002adf72a165c379
                    [product_id] => 283
                    [product_variant_id] => 284
                    [quantity] => 3
                    [price] => 25
                )

        )

)

2018-12-22T15:03:16+00:00 NOTICE abandoned_cart.success :: email: fasaff@mail.ru :: checkout_url: http://cream-store.loc/checkout/?mc_cart_id=4be3ace0cd0b54e9e1898641c67740ab
2018-12-22T15:03:39+00:00 DEBUG api.addCart :: Adding Cart :: fasaff@mail.ru :: Array
(
    [id] => 4be3ace0cd0b54e9e1898641c67740ab
    [customer] => Array
        (
            [id] => 4be3ace0cd0b54e9e1898641c67740ab
            [email_address] => fasaff@mail.ru
            [opt_in_status] => 
            [orders_count] => 0
            [total_spent] => 0
        )

    [checkout_url] => http://cream-store.loc/checkout/?mc_cart_id=4be3ace0cd0b54e9e1898641c67740ab
    [currency_code] => USD
    [order_total] => 100
    [lines] => Array
        (
            [0] => Array
                (
                    [id] => dc12dea87317a370002adf72a165c379
                    [product_id] => 283
                    [product_variant_id] => 284
                    [quantity] => 4
                    [price] => 25
                )

        )

)

2018-12-22T15:03:39+00:00 NOTICE abandoned_cart.success :: email: fasaff@mail.ru :: checkout_url: http://cream-store.loc/checkout/?mc_cart_id=4be3ace0cd0b54e9e1898641c67740ab
2018-12-22T15:04:20+00:00 DEBUG api.addCart :: Adding Cart :: fasaff@mail.ru :: Array
(
    [id] => 4be3ace0cd0b54e9e1898641c67740ab
    [customer] => Array
        (
            [id] => 4be3ace0cd0b54e9e1898641c67740ab
            [email_address] => fasaff@mail.ru
            [opt_in_status] => 
            [orders_count] => 0
            [total_spent] => 0
        )

    [checkout_url] => http://cream-store.loc/checkout/?mc_cart_id=4be3ace0cd0b54e9e1898641c67740ab
    [currency_code] => USD
    [order_total] => 50
    [lines] => Array
        (
            [0] => Array
                (
                    [id] => ce06e4e427276015c763e1cfd88ea68e
                    [product_id] => 158
                    [product_variant_id] => 159
                    [quantity] => 1
                    [price] => 50
                )

        )

)

2018-12-22T15:04:21+00:00 NOTICE abandoned_cart.success :: email: fasaff@mail.ru :: checkout_url: http://cream-store.loc/checkout/?mc_cart_id=4be3ace0cd0b54e9e1898641c67740ab
2018-12-22T15:04:57+00:00 DEBUG api.addCart :: Adding Cart :: fasaff@mail.ru :: Array
(
    [id] => 4be3ace0cd0b54e9e1898641c67740ab
    [customer] => Array
        (
            [id] => 4be3ace0cd0b54e9e1898641c67740ab
            [email_address] => fasaff@mail.ru
            [opt_in_status] => 
            [orders_count] => 0
            [total_spent] => 0
        )

    [checkout_url] => http://cream-store.loc/checkout/?mc_cart_id=4be3ace0cd0b54e9e1898641c67740ab
    [currency_code] => USD
    [order_total] => 100
    [lines] => Array
        (
            [0] => Array
                (
                    [id] => ce06e4e427276015c763e1cfd88ea68e
                    [product_id] => 158
                    [product_variant_id] => 159
                    [quantity] => 2
                    [price] => 50
                )

        )

)

2018-12-22T15:04:58+00:00 NOTICE abandoned_cart.success :: email: fasaff@mail.ru :: checkout_url: http://cream-store.loc/checkout/?mc_cart_id=4be3ace0cd0b54e9e1898641c67740ab
2018-12-22T15:06:29+00:00 DEBUG api.addCart :: Adding Cart :: fasaff@mail.ru :: Array
(
    [id] => 4be3ace0cd0b54e9e1898641c67740ab
    [customer] => Array
        (
            [id] => 4be3ace0cd0b54e9e1898641c67740ab
            [email_address] => fasaff@mail.ru
            [opt_in_status] => 
            [orders_count] => 0
            [total_spent] => 0
        )

    [checkout_url] => http://cream-store.loc/checkout/?mc_cart_id=4be3ace0cd0b54e9e1898641c67740ab
    [currency_code] => USD
    [order_total] => 125
    [lines] => Array
        (
            [0] => Array
                (
                    [id] => ce06e4e427276015c763e1cfd88ea68e
                    [product_id] => 158
                    [product_variant_id] => 159
                    [quantity] => 2
                    [price] => 50
                )

            [1] => Array
                (
                    [id] => dc12dea87317a370002adf72a165c379
                    [product_id] => 283
                    [product_variant_id] => 284
                    [quantity] => 1
                    [price] => 25
                )

        )

)

2018-12-22T15:06:29+00:00 NOTICE abandoned_cart.success :: email: fasaff@mail.ru :: checkout_url: http://cream-store.loc/checkout/?mc_cart_id=4be3ace0cd0b54e9e1898641c67740ab
2018-12-22T15:06:58+00:00 DEBUG api.addCart :: Adding Cart :: fasaff@mail.ru :: Array
(
    [id] => 4be3ace0cd0b54e9e1898641c67740ab
    [customer] => Array
        (
            [id] => 4be3ace0cd0b54e9e1898641c67740ab
            [email_address] => fasaff@mail.ru
            [opt_in_status] => 
            [orders_count] => 0
            [total_spent] => 0
        )

    [checkout_url] => http://cream-store.loc/checkout/?mc_cart_id=4be3ace0cd0b54e9e1898641c67740ab
    [currency_code] => USD
    [order_total] => 25
    [lines] => Array
        (
            [0] => Array
                (
                    [id] => dc12dea87317a370002adf72a165c379
                    [product_id] => 283
                    [product_variant_id] => 284
                    [quantity] => 1
                    [price] => 25
                )

        )

)

2018-12-22T15:06:58+00:00 NOTICE abandoned_cart.success :: email: fasaff@mail.ru :: checkout_url: http://cream-store.loc/checkout/?mc_cart_id=4be3ace0cd0b54e9e1898641c67740ab
2018-12-22T15:08:36+00:00 DEBUG api.addCart :: Adding Cart :: fasaff@mail.ru :: Array
(
    [id] => 4be3ace0cd0b54e9e1898641c67740ab
    [customer] => Array
        (
            [id] => 4be3ace0cd0b54e9e1898641c67740ab
            [email_address] => fasaff@mail.ru
            [opt_in_status] => 
            [orders_count] => 0
            [total_spent] => 0
        )

    [checkout_url] => http://cream-store.loc/checkout/?mc_cart_id=4be3ace0cd0b54e9e1898641c67740ab
    [currency_code] => USD
    [order_total] => 75
    [lines] => Array
        (
            [0] => Array
                (
                    [id] => dc12dea87317a370002adf72a165c379
                    [product_id] => 283
                    [product_variant_id] => 284
                    [quantity] => 1
                    [price] => 25
                )

            [1] => Array
                (
                    [id] => bf92693a639ba590dbb1e13572f3e253
                    [product_id] => 287
                    [product_variant_id] => 288
                    [quantity] => 1
                    [price] => 50
                )

        )

)

2018-12-22T15:08:36+00:00 NOTICE abandoned_cart.success :: email: fasaff@mail.ru :: checkout_url: http://cream-store.loc/checkout/?mc_cart_id=4be3ace0cd0b54e9e1898641c67740ab
2018-12-22T15:10:52+00:00 DEBUG api.addCart :: Adding Cart :: fasaff@mail.ru :: Array
(
    [id] => 4be3ace0cd0b54e9e1898641c67740ab
    [customer] => Array
        (
            [id] => 4be3ace0cd0b54e9e1898641c67740ab
            [email_address] => fasaff@mail.ru
            [opt_in_status] => 
            [orders_count] => 0
            [total_spent] => 0
        )

    [checkout_url] => http://cream-store.loc/checkout/?mc_cart_id=4be3ace0cd0b54e9e1898641c67740ab
    [currency_code] => USD
    [order_total] => 25
    [lines] => Array
        (
            [0] => Array
                (
                    [id] => dc12dea87317a370002adf72a165c379
                    [product_id] => 283
                    [product_variant_id] => 284
                    [quantity] => 1
                    [price] => 25
                )

        )

)

2018-12-22T15:10:52+00:00 DEBUG api.addCart :: Adding Cart :: fasaff@mail.ru :: Array
(
    [id] => 4be3ace0cd0b54e9e1898641c67740ab
    [customer] => Array
        (
            [id] => 4be3ace0cd0b54e9e1898641c67740ab
            [email_address] => fasaff@mail.ru
            [opt_in_status] => 
            [orders_count] => 0
            [total_spent] => 0
        )

    [checkout_url] => http://cream-store.loc/checkout/?mc_cart_id=4be3ace0cd0b54e9e1898641c67740ab
    [currency_code] => USD
    [order_total] => 25
    [lines] => Array
        (
            [0] => Array
                (
                    [id] => dc12dea87317a370002adf72a165c379
                    [product_id] => 283
                    [product_variant_id] => 284
                    [quantity] => 1
                    [price] => 25
                )

        )

)

2018-12-22T15:10:52+00:00 NOTICE abandoned_cart.success :: email: fasaff@mail.ru :: checkout_url: http://cream-store.loc/checkout/?mc_cart_id=4be3ace0cd0b54e9e1898641c67740ab
2018-12-22T15:10:52+00:00 ERROR abandoned_cart.error :: email: fasaff@mail.ru :: attempting product update :: A cart with the provided ID already exists in the account.
2018-12-22T15:10:53+00:00 DEBUG api.addCart :: Adding Cart :: fasaff@mail.ru :: Array
(
    [id] => 4be3ace0cd0b54e9e1898641c67740ab
    [customer] => Array
        (
            [id] => 4be3ace0cd0b54e9e1898641c67740ab
            [email_address] => fasaff@mail.ru
            [opt_in_status] => 
            [orders_count] => 0
            [total_spent] => 0
        )

    [checkout_url] => http://cream-store.loc/checkout/?mc_cart_id=4be3ace0cd0b54e9e1898641c67740ab
    [currency_code] => USD
    [order_total] => 25
    [lines] => Array
        (
            [0] => Array
                (
                    [id] => dc12dea87317a370002adf72a165c379
                    [product_id] => 283
                    [product_variant_id] => 284
                    [quantity] => 1
                    [price] => 25
                )

        )

)

2018-12-22T15:10:55+00:00 ERROR abandoned_cart.error :: A cart with the provided ID already exists in the account. on 1498 in C:\OSPanel\domains\cream-store.loc\wp-content\plugins\mailchimp-for-woocommerce\includes\api\class-mailchimp-api.php
2018-12-22T15:12:54+00:00 DEBUG api.addCart :: Adding Cart :: fasaff@mail.ru :: Array
(
    [id] => 4be3ace0cd0b54e9e1898641c67740ab
    [customer] => Array
        (
            [id] => 4be3ace0cd0b54e9e1898641c67740ab
            [email_address] => fasaff@mail.ru
            [opt_in_status] => 
            [orders_count] => 0
            [total_spent] => 0
        )

    [checkout_url] => http://cream-store.loc/checkout/?mc_cart_id=4be3ace0cd0b54e9e1898641c67740ab
    [currency_code] => USD
    [order_total] => 75
    [lines] => Array
        (
            [0] => Array
                (
                    [id] => dc12dea87317a370002adf72a165c379
                    [product_id] => 283
                    [product_variant_id] => 284
                    [quantity] => 1
                    [price] => 25
                )

            [1] => Array
                (
                    [id] => 34615f787a9c898a27b4374bfd55511d
                    [product_id] => 291
                    [product_variant_id] => 292
                    [quantity] => 1
                    [price] => 50
                )

        )

)

2018-12-22T15:12:55+00:00 ERROR abandoned_cart.error :: email: fasaff@mail.ru :: attempting product update :: A product with the provided ID does not exist in the account for this list.
2018-12-22T15:12:57+00:00 DEBUG product_submit.debug :: #291 :: Array
(
    [id] => 291
    [title] => Product 17
    [handle] => product-17
    [url] => http://cream-store.loc/product/product-17/
    [description] => Leather craftsmanship expertise is showcased in our bespoke iPhone cases. Crafted with our signature pebble grain leather, the slim and sleek cases perfectly wrap around your device without adding any bulk to your phone. The interior boasts a plush microfiber suede lining to ensure optimum protection of your device. Our iPhone X cases come in a range of eight different colors with each hue being reminiscent of various elements in nature.
<h2>DETAILED FEATURES</h2>
<ul>
 	<li>- Personalized monogramming with your choice of 4 initials in gold or silver lettering</li>
 	<li>- Premium grade cow grain leather exterior</li>
 	<li>- Plush microfibre suede internal lining</li>
 	<li>- Hand painted finished edges</li>
</ul>
<h2>Shipping</h2>
Standard shipping (7-15 business days),
or express shipping (2-5 business days).
<h2>Shipping</h2>
All items will be delivered with our signature packaging.
    [image_url] => http://cream-store.loc/wp-content/uploads/2018/11/black-154x300.png
    [variants] => Array
        (
            [0] => Array
                (
                    [id] => 291
                    [title] => Product 17
                    [url] => http://cream-store.loc/product/product-17/
                    [price] => 50
                    [inventory_quantity] => 1000000
                    [image_url] => http://cream-store.loc/wp-content/uploads/2018/11/black-154x300.png
                    [backorders] => false
                    [visibility] => visible
                )

            [1] => Array
                (
                    [id] => 292
                    [title] => Product 17 :: Model = x :: Text-color = 
                    [url] => http://cream-store.loc/product/product-17/?attribute_pa_model=x
                    [price] => 50
                    [inventory_quantity] => 1000000
                    [image_url] => http://cream-store.loc/wp-content/uploads/2018/11/black-154x300.png
                    [backorders] => false
                    [visibility] => visible
                )

            [2] => Array
                (
                    [id] => 293
                    [title] => Product 17 :: Model = xr :: Text-color = 
                    [url] => http://cream-store.loc/product/product-17/?attribute_pa_model=xr
                    [price] => 50
                    [inventory_quantity] => 1000000
                    [image_url] => http://cream-store.loc/wp-content/uploads/2018/11/black-154x300.png
                    [backorders] => false
                    [visibility] => visible
                )

            [3] => Array
                (
                    [id] => 294
                    [title] => Product 17 :: Model = xs :: Text-color = 
                    [url] => http://cream-store.loc/product/product-17/?attribute_pa_model=xs
                    [price] => 50
                    [inventory_quantity] => 1000000
                    [image_url] => http://cream-store.loc/wp-content/uploads/2018/11/black-154x300.png
                    [backorders] => false
                    [visibility] => visible
                )

        )

    [published_at_foreign] => 2018-12-05 21:27:59
)

2018-12-22T15:12:58+00:00 NOTICE product_submit.success :: addStoreProduct :: #291
2018-12-22T15:12:58+00:00 DEBUG api.addCart :: Adding Cart :: fasaff@mail.ru :: Array
(
    [id] => 4be3ace0cd0b54e9e1898641c67740ab
    [customer] => Array
        (
            [id] => 4be3ace0cd0b54e9e1898641c67740ab
            [email_address] => fasaff@mail.ru
            [opt_in_status] => 
            [orders_count] => 0
            [total_spent] => 0
        )

    [checkout_url] => http://cream-store.loc/checkout/?mc_cart_id=4be3ace0cd0b54e9e1898641c67740ab
    [currency_code] => USD
    [order_total] => 75
    [lines] => Array
        (
            [0] => Array
                (
                    [id] => dc12dea87317a370002adf72a165c379
                    [product_id] => 283
                    [product_variant_id] => 284
                    [quantity] => 1
                    [price] => 25
                )

            [1] => Array
                (
                    [id] => 34615f787a9c898a27b4374bfd55511d
                    [product_id] => 291
                    [product_variant_id] => 292
                    [quantity] => 1
                    [price] => 50
                )

        )

)

2018-12-22T15:12:58+00:00 NOTICE abandoned_cart.success :: email: fasaff@mail.ru
2018-12-22T15:12:58+00:00 DEBUG api.addCart :: Adding Cart :: fasaff@mail.ru :: Array
(
    [id] => 4be3ace0cd0b54e9e1898641c67740ab
    [customer] => Array
        (
            [id] => 4be3ace0cd0b54e9e1898641c67740ab
            [email_address] => fasaff@mail.ru
            [opt_in_status] => 
            [orders_count] => 0
            [total_spent] => 0
        )

    [checkout_url] => http://cream-store.loc/checkout/?mc_cart_id=4be3ace0cd0b54e9e1898641c67740ab
    [currency_code] => USD
    [order_total] => 50
    [lines] => Array
        (
            [0] => Array
                (
                    [id] => 34615f787a9c898a27b4374bfd55511d
                    [product_id] => 291
                    [product_variant_id] => 292
                    [quantity] => 1
                    [price] => 50
                )

        )

)

2018-12-22T15:12:59+00:00 NOTICE abandoned_cart.success :: email: fasaff@mail.ru :: checkout_url: http://cream-store.loc/checkout/?mc_cart_id=4be3ace0cd0b54e9e1898641c67740ab
2018-12-22T15:12:59+00:00 DEBUG api.addCart :: Adding Cart :: fasaff@mail.ru :: Array
(
    [id] => 4be3ace0cd0b54e9e1898641c67740ab
    [customer] => Array
        (
            [id] => 4be3ace0cd0b54e9e1898641c67740ab
            [email_address] => fasaff@mail.ru
            [opt_in_status] => 
            [orders_count] => 0
            [total_spent] => 0
        )

    [checkout_url] => http://cream-store.loc/checkout/?mc_cart_id=4be3ace0cd0b54e9e1898641c67740ab
    [currency_code] => USD
    [order_total] => 50
    [lines] => Array
        (
            [0] => Array
                (
                    [id] => 34615f787a9c898a27b4374bfd55511d
                    [product_id] => 291
                    [product_variant_id] => 292
                    [quantity] => 1
                    [price] => 50
                )

        )

)

2018-12-22T15:12:59+00:00 NOTICE abandoned_cart.success :: email: fasaff@mail.ru :: checkout_url: http://cream-store.loc/checkout/?mc_cart_id=4be3ace0cd0b54e9e1898641c67740ab
2018-12-22T15:15:20+00:00 DEBUG api.addCart :: Adding Cart :: fasaff@mail.ru :: Array
(
    [id] => 4be3ace0cd0b54e9e1898641c67740ab
    [customer] => Array
        (
            [id] => 4be3ace0cd0b54e9e1898641c67740ab
            [email_address] => fasaff@mail.ru
            [opt_in_status] => 
            [orders_count] => 0
            [total_spent] => 0
        )

    [checkout_url] => http://cream-store.loc/checkout/?mc_cart_id=4be3ace0cd0b54e9e1898641c67740ab
    [currency_code] => USD
    [order_total] => 50
    [lines] => Array
        (
            [0] => Array
                (
                    [id] => 34615f787a9c898a27b4374bfd55511d
                    [product_id] => 291
                    [product_variant_id] => 292
                    [quantity] => 1
                    [price] => 50
                )

        )

)

2018-12-22T15:15:20+00:00 NOTICE abandoned_cart.success :: email: fasaff@mail.ru :: checkout_url: http://cream-store.loc/checkout/?mc_cart_id=4be3ace0cd0b54e9e1898641c67740ab
2018-12-22T15:20:39+00:00 DEBUG api.addCart :: Adding Cart :: fasaff@mail.ru :: Array
(
    [id] => 4be3ace0cd0b54e9e1898641c67740ab
    [customer] => Array
        (
            [id] => 4be3ace0cd0b54e9e1898641c67740ab
            [email_address] => fasaff@mail.ru
            [opt_in_status] => 
            [orders_count] => 0
            [total_spent] => 0
        )

    [checkout_url] => http://cream-store.loc/checkout/?mc_cart_id=4be3ace0cd0b54e9e1898641c67740ab
    [currency_code] => USD
    [order_total] => 50
    [lines] => Array
        (
            [0] => Array
                (
                    [id] => 34615f787a9c898a27b4374bfd55511d
                    [product_id] => 291
                    [product_variant_id] => 292
                    [quantity] => 1
                    [price] => 50
                )

        )

)

2018-12-22T15:20:40+00:00 NOTICE abandoned_cart.success :: email: fasaff@mail.ru :: checkout_url: http://cream-store.loc/checkout/?mc_cart_id=4be3ace0cd0b54e9e1898641c67740ab
2018-12-22T15:21:06+00:00 DEBUG api.addCart :: Adding Cart :: fasaff@mail.ru :: Array
(
    [id] => 4be3ace0cd0b54e9e1898641c67740ab
    [customer] => Array
        (
            [id] => 4be3ace0cd0b54e9e1898641c67740ab
            [email_address] => fasaff@mail.ru
            [opt_in_status] => 
            [orders_count] => 0
            [total_spent] => 0
        )

    [checkout_url] => http://cream-store.loc/checkout/?mc_cart_id=4be3ace0cd0b54e9e1898641c67740ab
    [currency_code] => USD
    [order_total] => 50
    [lines] => Array
        (
            [0] => Array
                (
                    [id] => 34615f787a9c898a27b4374bfd55511d
                    [product_id] => 291
                    [product_variant_id] => 292
                    [quantity] => 1
                    [price] => 50
                )

        )

)

2018-12-22T15:21:07+00:00 NOTICE abandoned_cart.success :: email: fasaff@mail.ru :: checkout_url: http://cream-store.loc/checkout/?mc_cart_id=4be3ace0cd0b54e9e1898641c67740ab
