2018-12-13T16:57:20+00:00 DEBUG MailChimp_WooCommerce_User_Submit :: 1 is currently in motion - skipping this one.
2018-12-13T16:59:23+00:00 DEBUG order_submit :: #297 :: Array
(
    [id] => 297
    [customer] => Array
        (
            [id] => f8ae7ec9820d12cac27791554e9d8047
            [email_address] => foma.izob@gmail.com
            [opt_in_status] => 1
            [first_name] => ILIA
            [last_name] => asfasfasf
            [orders_count] => 8
            [total_spent] => 1
            [address] => Array
                (
                    [name] => ILIA asfasfasf
                    [address1] => noasfafa
                    [city] => Moscow
                    [postal_code] => 333333
                    [phone] => 9896135155
                )

        )

    [financial_status] => pending
    [currency_code] => USD
    [order_total] => 150
    [order_url] => http://cream-store.loc/my-account/view-order/297/
    [tax_total] => 0
    [discount_total] => 0
    [shipping_total] => 0
    [processed_at_foreign] => 2018-12-13 16:57:20
    [shipping_address] => Array
        (
            [name] => ILIA asfasfasf
            [address1] => noasfafa
            [city] => Moscow
            [postal_code] => 333333
            [phone] => 9896135155
        )

    [billing_address] => Array
        (
            [name] => ILIA asfasfasf
            [address1] => noasfafa
            [city] => Moscow
            [postal_code] => 333333
            [phone] => 9896135155
        )

    [lines] => Array
        (
            [0] => Array
                (
                    [id] => 88
                    [product_id] => 271
                    [product_variant_id] => 273
                    [quantity] => 1
                    [price] => 50
                )

            [1] => Array
                (
                    [id] => 89
                    [product_id] => 283
                    [product_variant_id] => 286
                    [quantity] => 1
                    [price] => 50
                )

            [2] => Array
                (
                    [id] => 90
                    [product_id] => 271
                    [product_variant_id] => 272
                    [quantity] => 1
                    [price] => 50
                )

        )

)

2018-12-13T16:59:24+00:00 ERROR order_submit.tracing_error :: A product with the provided ID does not exist in the account for this list. on 1498 in C:\OSPanel\domains\cream-store.loc\wp-content\plugins\mailchimp-for-woocommerce\includes\api\class-mailchimp-api.php
