2018-12-15T11:50:36+00:00 INFO Generating payment form for order 301. Notify URL: https://cream.remygin.ru/wc-api/WC_Gateway_Paypal/
2018-12-15T11:50:36+00:00 INFO PayPal Request Args for order 301: Array
(
    [cmd] => _cart
    [business] => foma.izob@gmail.com
    [no_note] => 1
    [currency_code] => USD
    [charset] => utf-8
    [rm] => 2
    [upload] => 1
    [return] => https://cream.remygin.ru/checkout/order-received/301/?key=wc_order_5c14ea8bf1bec&utm_nooverride=1
    [cancel_return] => https://cream.remygin.ru/cart/?cancel_order=true&order=wc_order_5c14ea8bf1bec&order_id=301&redirect&_wpnonce=a22f33273f
    [page_style] => 
    [image_url] => 
    [paymentaction] => sale
    [bn] => WooThemes_Cart
    [invoice] => WC-301
    [custom] => {"order_id":301,"order_key":"wc_order_5c14ea8bf1bec"}
    [notify_url] => https://cream.remygin.ru/wc-api/WC_Gateway_Paypal/
    [first_name] => ***
    [last_name] => ***
    [address1] => ***
    [address2] => ***
    [city] => ***
    [state] => ***
    [zip] => ***
    [country] => ***
    [email] => ***@***
    [night_phone_b] => ***
    [address_override] => 0
    [no_shipping] => 0
    [tax_cart] => 0.00
    [item_name_1] => Product 16 (Model: X, Text color: gold, Complementary Gift Wrapping: Yes)
    [quantity_1] => 1
    [amount_1] => 50
    [item_number_1] => 
)

